{
  "stats": {
    "suites": 1,
    "tests": 1,
    "passes": 1,
    "pending": 0,
    "failures": 0,
    "start": "2025-08-01T08:24:52.460Z",
    "end": "2025-08-01T08:25:10.939Z",
    "duration": 18479,
    "testsRegistered": 1,
    "passPercent": 100,
    "pendingPercent": 0,
    "other": 0,
    "hasOther": false,
    "skipped": 0,
    "hasSkipped": false
  },
  "results": [
    {
      "uuid": "1b8c58ea-0794-4637-b249-c4bcccd000e1",
      "title": "",
      "fullFile": "cypress\\e2e\\Cadastro-pessoas.cy.js",
      "file": "cypress\\e2e\\Cadastro-pessoas.cy.js",
      "beforeHooks": [],
      "afterHooks": [],
      "tests": [],
      "suites": [
        {
          "uuid": "84a66d5e-412d-4d5a-a994-14d0f635893a",
          "title": "Cadastro de pessoas",
          "fullFile": "",
          "file": "",
          "beforeHooks": [],
          "afterHooks": [],
          "tests": [
            {
              "title": "Deve cadastrar uma pessoa",
              "fullTitle": "Cadastro de pessoas Deve cadastrar uma pessoa",
              "timedOut": null,
              "duration": 17268,
              "state": "passed",
              "speed": "slow",
              "pass": true,
              "fail": false,
              "pending": false,
              "context": null,
              "code": "cy.visit('https://hlis.pslogistica.com.br/login/');\n// Inserção das credenciais\ncy.get(':nth-child(1) > #search').type('gabriel.santos');\ncy.get(':nth-child(2) > #search').type('12345');\ncy.get('.box_fields > div.w-100 > .custom-button-login').click();\n// Seleciona o cliente, base e divisão\ncy.get('#cliente').should('be.visible').select('HNK - CKBR BEBIDAS LTDA').should('have.value', '57');\ncy.get('#base').should('be.visible').select('Matriz PierServ').should('have.value', '1');\ncy.get('#divisao').should('be.visible').select('CKBR BEBIDAS LTDA').should('have.value', '66');\ncy.get('.d-flex > .btn').click();\ncy.get(':nth-child(5) > .link_menu > #title_menu').click();\ncy.get('.active > .submenu > :nth-child(1) > a').click();\ncy.get(':nth-child(1) > .d-flex > .btn').click({\n  force: true\n});\ncy.get('#razao_social_nome').type('Testado');\ncy.get('#nome_fantasia').type('Tete');\ncy.get('#cnpj_cpf').type('50.054.467/0001-92');\n// Dados -endereço\ncy.get('#inscricao_estadual').type('ISENTO');\ncy.get('#email_contato').type('Teste@tet.com');\ncy.get('#telefone_contato').type('11992999299');\ncy.get('#cep').type('06160180');\ncy.wait(2000);\ncy.get('#numero').type('482');\ncy.get('#complemento').type('Bloco x apto x');\ncy.get('#telefone_endereco').type('11992909900');\ncy.get('#template_filter').should('be.visible', 'Selecione um Modelo').select('70').should('have.value', '70');\ncy.get('#btnCadastrarPessoa').click();\ncy.contains('Pessoa cadastrada com sucesso!');",
              "err": {},
              "uuid": "efdeee7b-7741-4f9d-b420-5347cbd5c52e",
              "parentUUID": "84a66d5e-412d-4d5a-a994-14d0f635893a",
              "isHook": false,
              "skipped": false
            }
          ],
          "suites": [],
          "passes": [
            "efdeee7b-7741-4f9d-b420-5347cbd5c52e"
          ],
          "failures": [],
          "pending": [],
          "skipped": [],
          "duration": 17268,
          "root": false,
          "rootEmpty": false,
          "_timeout": 2000
        }
      ],
      "passes": [],
      "failures": [],
      "pending": [],
      "skipped": [],
      "duration": 0,
      "root": true,
      "rootEmpty": true,
      "_timeout": 2000
    }
  ],
  "meta": {
    "mocha": {
      "version": "7.2.0"
    },
    "mochawesome": {
      "options": {
        "quiet": false,
        "reportFilename": "mochawesome",
        "saveHtml": false,
        "saveJson": true,
        "consoleReporter": "spec",
        "useInlineDiffs": false,
        "code": true
      },
      "version": "7.1.3"
    },
    "marge": {
      "options": {
        "reportDir": "cypress/reports/mochawesome",
        "overwrite": false,
        "html": false,
        "json": true
      },
      "version": "6.2.0"
    }
  }
}