{
  "stats": {
    "suites": 1,
    "tests": 1,
    "passes": 1,
    "pending": 0,
    "failures": 0,
    "start": "2025-08-01T08:25:36.914Z",
    "end": "2025-08-01T08:25:42.288Z",
    "duration": 5374,
    "testsRegistered": 1,
    "passPercent": 100,
    "pendingPercent": 0,
    "other": 0,
    "hasOther": false,
    "skipped": 0,
    "hasSkipped": false
  },
  "results": [
    {
      "uuid": "f9086478-7cf1-425b-8d17-56c9ef2644f3",
      "title": "",
      "fullFile": "cypress\\e2e\\login-errado.cy.js",
      "file": "cypress\\e2e\\login-errado.cy.js",
      "beforeHooks": [],
      "afterHooks": [],
      "tests": [],
      "suites": [
        {
          "uuid": "483d3f19-a147-423a-a369-2d162008190e",
          "title": "Fluxo de login errado",
          "fullFile": "",
          "file": "",
          "beforeHooks": [],
          "afterHooks": [],
          "tests": [
            {
              "title": "Deve realizar login com sucesso",
              "fullTitle": "Fluxo de login errado Deve realizar login com sucesso",
              "timedOut": null,
              "duration": 4176,
              "state": "passed",
              "speed": "fast",
              "pass": true,
              "fail": false,
              "pending": false,
              "context": null,
              "code": "cy.visit('https://hlis.pslogistica.com.br/login/'); // Altere para a URL real\n// Inserçao das credencias\ncy.get(':nth-child(1) > #search').type('gabriel.santos');\ncy.get(':nth-child(2) > #search').type('1235');\ncy.get('.box_fields > div.w-100 > .custom-button-login').click();\ncy.contains('Usuário ou senha inválidos.').should('be.visible');",
              "err": {},
              "uuid": "de3dff97-de04-4b06-87a6-cfdf11cf558d",
              "parentUUID": "483d3f19-a147-423a-a369-2d162008190e",
              "isHook": false,
              "skipped": false
            }
          ],
          "suites": [],
          "passes": [
            "de3dff97-de04-4b06-87a6-cfdf11cf558d"
          ],
          "failures": [],
          "pending": [],
          "skipped": [],
          "duration": 4176,
          "root": false,
          "rootEmpty": false,
          "_timeout": 2000
        }
      ],
      "passes": [],
      "failures": [],
      "pending": [],
      "skipped": [],
      "duration": 0,
      "root": true,
      "rootEmpty": true,
      "_timeout": 2000
    }
  ],
  "meta": {
    "mocha": {
      "version": "7.2.0"
    },
    "mochawesome": {
      "options": {
        "quiet": false,
        "reportFilename": "mochawesome",
        "saveHtml": false,
        "saveJson": true,
        "consoleReporter": "spec",
        "useInlineDiffs": false,
        "code": true
      },
      "version": "7.1.3"
    },
    "marge": {
      "options": {
        "reportDir": "cypress/reports/mochawesome",
        "overwrite": false,
        "html": false,
        "json": true
      },
      "version": "6.2.0"
    }
  }
}