{
  "stats": {
    "suites": 1,
    "tests": 1,
    "passes": 1,
    "pending": 0,
    "failures": 0,
    "start": "2025-08-01T08:24:23.726Z",
    "end": "2025-08-01T08:24:51.425Z",
    "duration": 27699,
    "testsRegistered": 1,
    "passPercent": 100,
    "pendingPercent": 0,
    "other": 0,
    "hasOther": false,
    "skipped": 0,
    "hasSkipped": false
  },
  "results": [
    {
      "uuid": "40140a2d-6346-46e8-85ea-78c02885c479",
      "title": "",
      "fullFile": "cypress\\e2e\\Cadastro-item.cy.js",
      "file": "cypress\\e2e\\Cadastro-item.cy.js",
      "beforeHooks": [],
      "afterHooks": [],
      "tests": [],
      "suites": [
        {
          "uuid": "eb573b1b-382a-4886-8b85-143d6c82f6a3",
          "title": "Fluxo de Cadastro de item",
          "fullFile": "",
          "file": "",
          "beforeHooks": [],
          "afterHooks": [],
          "tests": [
            {
              "title": "Deve Cadastrar um item",
              "fullTitle": "Fluxo de Cadastro de item Deve Cadastrar um item",
              "timedOut": null,
              "duration": 26415,
              "state": "passed",
              "speed": "slow",
              "pass": true,
              "fail": false,
              "pending": false,
              "context": null,
              "code": "cy.visit('https://hlis.pslogistica.com.br/login/'); // Altere para a URL real\n// Inserçao das credencias\ncy.get(':nth-child(1) > #search').type('gabriel.santos');\ncy.get(':nth-child(2) > #search').type('12345');\ncy.get('.box_fields > div.w-100 > .custom-button-login').click();\n// Seleciona o cliente, base e divisão\ncy.get('#cliente').should('be.visible', 'Selecionar cliente').select('HNK - CKBR BEBIDAS LTDA').should('have.value', '57');\ncy.get('#base').should('be.visible', 'Selecionar Base').select('Matriz PierServ').should('have.value', '1'); // Confirma se foi selecionado corretamente\ncy.get('#divisao').should('be.visible', 'Selecionar Base').select('CKBR BEBIDAS LTDA').should('have.value', '66');\ncy.get('.d-flex > .btn').click();\ncy.get(':nth-child(3) > .link_menu > #title_menu').click();\ncy.get('.active > .submenu > :nth-child(1) > a').click();\ncy.get('[href=\"/skus/cad_sku/\"]').click();\n// Dados cliente\ncy.get('#sigla').type('HNK');\ncy.get('#razao_social_cliente').click();\ncy.get('#select-galpao').should('be.visible', 'Selecione').select('Filial PierServ 878').should('have.value', '4');\ncy.get('#btn-adicionar-galpao').click();\ncy.wait(3000);\ncy.get('#modalGalpao > .modal-dialog > .modal-content > .modal-header > .btn-close').click();\n//\ncy.get(':nth-child(1) > :nth-child(2) > :nth-child(1) > :nth-child(1) > :nth-child(2) > .form-input > input').type('1234888');\ncy.get(':nth-child(1) > :nth-child(3) > .form-input > input').type('vvkppk');\ncy.get('#grupo_item').should('be.visible', 'Selecione').select('MATERIAL PROMOCIONAL').should('have.value', '18');\ncy.get('#familia_item').should('be.visible', 'Selecione').select('19').should('have.value', '19');\ncy.wait(3000);\ncy.get(':nth-child(3) > :nth-child(1) > .form-input > input').type('tste');\ncy.get(':nth-child(3) > :nth-child(2) > .form-input > input').type('tste');\ncy.get(':nth-child(3) > :nth-child(3) > .form-input > input').type('tste');\ncy.get(':nth-child(3) > :nth-child(3) > .form-input > input').type('1');\ncy.get('.row > :nth-child(1) > input').type('1');\ncy.get('#altura_item').type('1');\ncy.get('.col-md-8 > .box_line > .row > :nth-child(2) > :nth-child(1) > input').type('1');\ncy.get('.row > :nth-child(2) > input').type('1');\ncy.get('#largura_item').type('1');\ncy.get('.row > :nth-child(3) > input').type('1');\ncy.get('#comprimento_item').type('1');\ncy.get(':nth-child(3) > .box_line > .row > :nth-child(1) > :nth-child(1) > input').type('1');\ncy.get(':nth-child(3) > .box_line > .row > :nth-child(2) > :nth-child(1) > input').type('1');\ncy.get('.box_line > .row > :nth-child(3) > :nth-child(1) > input').type('1');\ncy.get(':nth-child(3) > .box_line > .row > :nth-child(1) > :nth-child(2) > input').type('1');\ncy.get('.row > :nth-child(3) > :nth-child(2) > input').type('1');\ncy.get('#embalagem').should('be.visible', 'Selecione').select('17').should('have.value', '17');\ncy.get('#btn_salvar_sku').click();\ncy.contains('SKU cadastrado com sucesso!').should('be.visible');",
              "err": {},
              "uuid": "3a20b627-a8d1-4c86-9811-36e6918c33b5",
              "parentUUID": "eb573b1b-382a-4886-8b85-143d6c82f6a3",
              "isHook": false,
              "skipped": false
            }
          ],
          "suites": [],
          "passes": [
            "3a20b627-a8d1-4c86-9811-36e6918c33b5"
          ],
          "failures": [],
          "pending": [],
          "skipped": [],
          "duration": 26415,
          "root": false,
          "rootEmpty": false,
          "_timeout": 2000
        }
      ],
      "passes": [],
      "failures": [],
      "pending": [],
      "skipped": [],
      "duration": 0,
      "root": true,
      "rootEmpty": true,
      "_timeout": 2000
    }
  ],
  "meta": {
    "mocha": {
      "version": "7.2.0"
    },
    "mochawesome": {
      "options": {
        "quiet": false,
        "reportFilename": "mochawesome",
        "saveHtml": false,
        "saveJson": true,
        "consoleReporter": "spec",
        "useInlineDiffs": false,
        "code": true
      },
      "version": "7.1.3"
    },
    "marge": {
      "options": {
        "reportDir": "cypress/reports/mochawesome",
        "overwrite": false,
        "html": false,
        "json": true
      },
      "version": "6.2.0"
    }
  }
}