{
  "stats": {
    "suites": 1,
    "tests": 1,
    "passes": 1,
    "pending": 0,
    "failures": 0,
    "start": "2025-08-01T08:25:11.995Z",
    "end": "2025-08-01T08:25:35.915Z",
    "duration": 23920,
    "testsRegistered": 1,
    "passPercent": 100,
    "pendingPercent": 0,
    "other": 0,
    "hasOther": false,
    "skipped": 0,
    "hasSkipped": false
  },
  "results": [
    {
      "uuid": "77b41004-4990-4a13-b280-8951aa061ea7",
      "title": "",
      "fullFile": "cypress\\e2e\\Cadastro-usuario.cy.js",
      "file": "cypress\\e2e\\Cadastro-usuario.cy.js",
      "beforeHooks": [],
      "afterHooks": [],
      "tests": [],
      "suites": [
        {
          "uuid": "c5240f53-80d2-4db9-92ff-560b5fd42e18",
          "title": "Cadastro de Usuarios",
          "fullFile": "",
          "file": "",
          "beforeHooks": [],
          "afterHooks": [],
          "tests": [
            {
              "title": "Deve cadastrar um usuario",
              "fullTitle": "Cadastro de Usuarios Deve cadastrar um usuario",
              "timedOut": null,
              "duration": 22698,
              "state": "passed",
              "speed": "slow",
              "pass": true,
              "fail": false,
              "pending": false,
              "context": null,
              "code": "cy.visit('https://hlis.pslogistica.com.br/login/'); // Altere para a URL real\n// Inserçao das credencias\ncy.get(':nth-child(1) > #search').type('gabriel.santos');\ncy.get(':nth-child(2) > #search').type('12345');\ncy.get('.box_fields > div.w-100 > .custom-button-login').click({\n  force: true\n});\n// Seleciona o cliente, base e divisão\ncy.get('#cliente').should('be.visible', 'Selecionar cliente').select('HNK - CKBR BEBIDAS LTDA').should('have.value', '57');\ncy.get('#base').should('be.visible', 'Selecionar Base').select('Matriz PierServ').should('have.value', '1'); // Confirma se foi selecionado corretamente\ncy.get('#divisao').should('be.visible', 'Selecionar Base').select('CKBR BEBIDAS LTDA').should('have.value', '66');\ncy.get('.d-flex > .btn').click();\ncy.get(':nth-child(5) > .link_menu > #title_menu').click();\ncy.get('.active > .submenu > :nth-child(3) > a').click();\ncy.contains('a.btn.btn-pier', 'Cadastrar').click({\n  force: true\n});\ncy.get('#username').type('tee.te');\ncy.get('#senha').type('teste12');\ncy.get('#confirmar_senha').type('teste12');\ncy.get('#email').type('teste@tiuyts.com');\ncy.get('#nome').type('teste');\ncy.get('#sobrenome').type('teste');\ncy.get('#telefone').type('11999009900');\ncy.get('#data_nascimento').should('be.visible').type('1995-08-01'); // Formato YYYY-MM-DD\ncy.get('.col-md-12 > .btn').click();\ncy.get(':nth-child(2) > .card > .card-body > .btn').click();\ncy.get('.btn-close');\ncy.wait(5000);\ncy.get('#btn_criar_usuario').click({\n  force: true\n});\ncy.contains('Usuário criado com sucesso!');",
              "err": {},
              "uuid": "47440cd9-810b-408d-a720-692f2cce3346",
              "parentUUID": "c5240f53-80d2-4db9-92ff-560b5fd42e18",
              "isHook": false,
              "skipped": false
            }
          ],
          "suites": [],
          "passes": [
            "47440cd9-810b-408d-a720-692f2cce3346"
          ],
          "failures": [],
          "pending": [],
          "skipped": [],
          "duration": 22698,
          "root": false,
          "rootEmpty": false,
          "_timeout": 2000
        }
      ],
      "passes": [],
      "failures": [],
      "pending": [],
      "skipped": [],
      "duration": 0,
      "root": true,
      "rootEmpty": true,
      "_timeout": 2000
    }
  ],
  "meta": {
    "mocha": {
      "version": "7.2.0"
    },
    "mochawesome": {
      "options": {
        "quiet": false,
        "reportFilename": "mochawesome",
        "saveHtml": false,
        "saveJson": true,
        "consoleReporter": "spec",
        "useInlineDiffs": false,
        "code": true
      },
      "version": "7.1.3"
    },
    "marge": {
      "options": {
        "reportDir": "cypress/reports/mochawesome",
        "overwrite": false,
        "html": false,
        "json": true
      },
      "version": "6.2.0"
    }
  }
}